<?xml version="1.0" encoding="UTF-8"?>
<!-- Generated by org.testng.reporters.JUnitReportReporter -->
<testsuite hostname="LAPTOP-925SBFL1" failures="0" tests="1" name="scripts_Vtiger.Script1_Test" time="32.315" errors="0" timestamp="2024-07-21T18:04:34 IST" skipped="0">
  <testcase classname="scripts_Vtiger.Script1_Test" name="script1" time="32.315"/>
  <system-out>
    <![CDATA[Test Script Excution Stared
Test Script Passed]]>
  </system-out>
</testsuite> <!-- scripts_Vtiger.Script1_Test -->
